2021-09-18 13:57:34,835 [INFO] org.springframework.data.repository.config.RepositoryConfigurationDelegate [main] Bootstrapping Spring Data JPA repositories in DEFAULT mode.
2021-09-18 13:57:34,904 [INFO] org.springframework.data.repository.config.RepositoryConfigurationDelegate [main] Finished Spring Data repository scanning in 56 ms. Found 1 JPA repository interfaces.
2021-09-18 13:57:35,468 [INFO] org.springframework.boot.web.embedded.tomcat.TomcatWebServer [main] Tomcat initialized with port(s): 8081 (http)
2021-09-18 13:57:35,478 [INFO] org.apache.catalina.core.StandardService [main] Starting service [Tomcat]
2021-09-18 13:57:35,478 [INFO] org.apache.catalina.core.StandardEngine [main] Starting Servlet engine: [Apache Tomcat/9.0.52]
2021-09-18 13:57:35,585 [INFO] org.apache.catalina.core.ContainerBase.[Tomcat].[localhost].[/] [main] Initializing Spring embedded WebApplicationContext
2021-09-18 13:57:35,585 [INFO] org.springframework.boot.web.servlet.context.ServletWebServerApplicationContext [main] Root WebApplicationContext: initialization completed in 1317 ms
2021-09-18 13:57:35,747 [INFO] org.hibernate.jpa.internal.util.LogHelper [main] HHH000204: Processing PersistenceUnitInfo [name: default]
2021-09-18 13:57:35,805 [INFO] org.hibernate.Version [main] HHH000412: Hibernate ORM core version 5.4.32.Final
2021-09-18 13:57:35,957 [INFO] org.hibernate.annotations.common.Version [main] HCANN000001: Hibernate Commons Annotations {5.1.2.Final}
2021-09-18 13:57:36,085 [INFO] com.zaxxer.hikari.HikariDataSource [main] HikariPool-1 - Starting...
2021-09-18 13:57:36,258 [INFO] com.zaxxer.hikari.HikariDataSource [main] HikariPool-1 - Start completed.
2021-09-18 13:57:36,273 [INFO] org.hibernate.dialect.Dialect [main] HHH000400: Using dialect: org.hibernate.dialect.MySQL8Dialect
2021-09-18 13:57:36,873 [INFO] org.hibernate.engine.transaction.jta.platform.internal.JtaPlatformInitiator [main] HHH000490: Using JtaPlatform implementation: [org.hibernate.engine.transaction.jta.platform.internal.NoJtaPlatform]
2021-09-18 13:57:36,883 [INFO] org.springframework.orm.jpa.LocalContainerEntityManagerFactoryBean [main] Initialized JPA EntityManagerFactory for persistence unit 'default'
2021-09-18 13:57:37,161 [WARN] org.springframework.boot.autoconfigure.orm.jpa.JpaBaseConfiguration$JpaWebConfiguration [main] spring.jpa.open-in-view is enabled by default. Therefore, database queries may be performed during view rendering. Explicitly configure spring.jpa.open-in-view to disable this warning
2021-09-18 13:57:37,471 [INFO] org.springframework.boot.web.embedded.tomcat.TomcatWebServer [main] Tomcat started on port(s): 8081 (http) with context path ''
2021-09-18 13:57:55,835 [INFO] org.apache.catalina.core.ContainerBase.[Tomcat].[localhost].[/] [http-nio-8081-exec-1] Initializing Spring DispatcherServlet 'dispatcherServlet'
2021-09-18 13:57:55,835 [INFO] org.springframework.web.servlet.DispatcherServlet [http-nio-8081-exec-1] Initializing Servlet 'dispatcherServlet'
2021-09-18 13:57:55,837 [INFO] org.springframework.web.servlet.DispatcherServlet [http-nio-8081-exec-1] Completed initialization in 1 ms
2021-09-18 14:32:45,734 [INFO] org.springframework.boot.admin.SpringApplicationAdminMXBeanRegistrar$SpringApplicationAdmin [RMI TCP Connection(43)-127.0.0.1] Application shutdown requested.
2021-09-18 14:32:45,809 [INFO] org.springframework.orm.jpa.LocalContainerEntityManagerFactoryBean [RMI TCP Connection(43)-127.0.0.1] Closing JPA EntityManagerFactory for persistence unit 'default'
2021-09-18 14:32:45,812 [INFO] com.zaxxer.hikari.HikariDataSource [RMI TCP Connection(43)-127.0.0.1] HikariPool-1 - Shutdown initiated...
2021-09-18 14:32:45,816 [INFO] com.zaxxer.hikari.HikariDataSource [RMI TCP Connection(43)-127.0.0.1] HikariPool-1 - Shutdown completed.
